<?xml version="1.0" encoding="UTF-8"?>
<testng-results skipped="3" failed="0" ignored="0" total="3" passed="0">
  <reporter-output>
  </reporter-output>
  <suite name="Default suite" duration-ms="35" started-at="2020-01-18T23:37:22 IST" finished-at="2020-01-18T23:37:22 IST">
    <groups>
    </groups>
    <test name="Default test" duration-ms="35" started-at="2020-01-18T23:37:22 IST" finished-at="2020-01-18T23:37:22 IST">
      <class name="testNG.SuiteExample">
        <test-method status="FAIL" signature="startBrowser()[pri:0, instance:testNG.SuiteExample@5f9d02cb]" name="startBrowser" is-config="true" duration-ms="24137" started-at="2020-01-18T23:36:57 IST" finished-at="2020-01-18T23:37:22 IST">
          <exception class="org.openqa.selenium.SessionNotCreatedException">
            <message>
              <![CDATA[session not created
from chrome not reachable
  (Session info: chrome=79.0.3945.117)
Build info: version: '3.141.59', revision: 'e82be7d358', time: '2018-11-14T08:25:53'
System info: host: 'KHOPI-96', ip: '192.168.80.110', os.name: 'Windows 10', os.arch: 'amd64', os.version: '10.0', java.version: '1.8.0_121'
Driver info: driver.version: ChromeDriver
remote stacktrace: Backtrace:
Ordinal0 [0x004AA113+1548563]
Ordinal0 [0x0042DDA1+1039777]
Ordinal0 [0x003AE32E+516910]
Ordinal0 [0x003A8012+491538]
Ordinal0 [0x003A86EB+493291]
Ordinal0 [0x003A9855+497749]
Ordinal0 [0x003A5885+481413]
Ordinal0 [0x003AF0D0+520400]
Ordinal0 [0x0035C030+180272]
Ordinal0 [0x0035B59D+177565]
Ordinal0 [0x003595FB+169467]
Ordinal0 [0x0034160A+71178]
Ordinal0 [0x00342690+75408]
Ordinal0 [0x00342629+75305]
Ordinal0 [0x004471B7+1143223]
GetHandleVerifier [0x00542B46+507814]
GetHandleVerifier [0x00542864+507076]
GetHandleVerifier [0x00549F47+537511]
GetHandleVerifier [0x00543402+510050]
Ordinal0 [0x0043F29C+1110684]
Ordinal0 [0x0044938B+1151883]
Ordinal0 [0x004494F3+1152243]
Ordinal0 [0x004483F5+1147893]
BaseThreadInitThunk [0x776B6359+25]
RtlGetAppContainerNamedObjectPath [0x77BB7B74+228]
RtlGetAppContainerNamedObjectPath [0x77BB7B44+180]
]]>
            </message>
            <full-stacktrace>
              <![CDATA[org.openqa.selenium.SessionNotCreatedException: session not created
from chrome not reachable
  (Session info: chrome=79.0.3945.117)
Build info: version: '3.141.59', revision: 'e82be7d358', time: '2018-11-14T08:25:53'
System info: host: 'KHOPI-96', ip: '192.168.80.110', os.name: 'Windows 10', os.arch: 'amd64', os.version: '10.0', java.version: '1.8.0_121'
Driver info: driver.version: ChromeDriver
remote stacktrace: Backtrace:
Ordinal0 [0x004AA113+1548563]
Ordinal0 [0x0042DDA1+1039777]
Ordinal0 [0x003AE32E+516910]
Ordinal0 [0x003A8012+491538]
Ordinal0 [0x003A86EB+493291]
Ordinal0 [0x003A9855+497749]
Ordinal0 [0x003A5885+481413]
Ordinal0 [0x003AF0D0+520400]
Ordinal0 [0x0035C030+180272]
Ordinal0 [0x0035B59D+177565]
Ordinal0 [0x003595FB+169467]
Ordinal0 [0x0034160A+71178]
Ordinal0 [0x00342690+75408]
Ordinal0 [0x00342629+75305]
Ordinal0 [0x004471B7+1143223]
GetHandleVerifier [0x00542B46+507814]
GetHandleVerifier [0x00542864+507076]
GetHandleVerifier [0x00549F47+537511]
GetHandleVerifier [0x00543402+510050]
Ordinal0 [0x0043F29C+1110684]
Ordinal0 [0x0044938B+1151883]
Ordinal0 [0x004494F3+1152243]
Ordinal0 [0x004483F5+1147893]
BaseThreadInitThunk [0x776B6359+25]
RtlGetAppContainerNamedObjectPath [0x77BB7B74+228]
RtlGetAppContainerNamedObjectPath [0x77BB7B44+180]

at sun.reflect.NativeConstructorAccessorImpl.newInstance0(Native Method)
at sun.reflect.NativeConstructorAccessorImpl.newInstance(Unknown Source)
at sun.reflect.DelegatingConstructorAccessorImpl.newInstance(Unknown Source)
at java.lang.reflect.Constructor.newInstance(Unknown Source)
at org.openqa.selenium.remote.W3CHandshakeResponse.lambda$errorHandler$0(W3CHandshakeResponse.java:62)
at org.openqa.selenium.remote.HandshakeResponse.lambda$getResponseFunction$0(HandshakeResponse.java:30)
at org.openqa.selenium.remote.ProtocolHandshake.lambda$createSession$0(ProtocolHandshake.java:126)
at java.util.stream.ReferencePipeline$3$1.accept(Unknown Source)
at java.util.Spliterators$ArraySpliterator.tryAdvance(Unknown Source)
at java.util.stream.ReferencePipeline.forEachWithCancel(Unknown Source)
at java.util.stream.AbstractPipeline.copyIntoWithCancel(Unknown Source)
at java.util.stream.AbstractPipeline.copyInto(Unknown Source)
at java.util.stream.AbstractPipeline.wrapAndCopyInto(Unknown Source)
at java.util.stream.FindOps$FindOp.evaluateSequential(Unknown Source)
at java.util.stream.AbstractPipeline.evaluate(Unknown Source)
at java.util.stream.ReferencePipeline.findFirst(Unknown Source)
at org.openqa.selenium.remote.ProtocolHandshake.createSession(ProtocolHandshake.java:128)
at org.openqa.selenium.remote.ProtocolHandshake.createSession(ProtocolHandshake.java:74)
at org.openqa.selenium.remote.HttpCommandExecutor.execute(HttpCommandExecutor.java:136)
at org.openqa.selenium.remote.service.DriverCommandExecutor.execute(DriverCommandExecutor.java:83)
at org.openqa.selenium.remote.RemoteWebDriver.execute(RemoteWebDriver.java:552)
at org.openqa.selenium.remote.RemoteWebDriver.startSession(RemoteWebDriver.java:213)
at org.openqa.selenium.remote.RemoteWebDriver.<init>(RemoteWebDriver.java:131)
at org.openqa.selenium.chrome.ChromeDriver.<init>(ChromeDriver.java:181)
at org.openqa.selenium.chrome.ChromeDriver.<init>(ChromeDriver.java:168)
at org.openqa.selenium.chrome.ChromeDriver.<init>(ChromeDriver.java:123)
at testNG.SuiteExample.startBrowser(SuiteExample.java:22)
at sun.reflect.NativeMethodAccessorImpl.invoke0(Native Method)
at sun.reflect.NativeMethodAccessorImpl.invoke(Unknown Source)
at sun.reflect.DelegatingMethodAccessorImpl.invoke(Unknown Source)
at java.lang.reflect.Method.invoke(Unknown Source)
at org.testng.internal.MethodInvocationHelper.invokeMethod(MethodInvocationHelper.java:133)
at org.testng.internal.MethodInvocationHelper.invokeMethodConsideringTimeout(MethodInvocationHelper.java:62)
at org.testng.internal.ConfigInvoker.invokeConfigurationMethod(ConfigInvoker.java:340)
at org.testng.internal.ConfigInvoker.invokeConfigurations(ConfigInvoker.java:294)
at org.testng.SuiteRunner.privateRun(SuiteRunner.java:345)
at org.testng.SuiteRunner.run(SuiteRunner.java:304)
at org.testng.SuiteRunnerWorker.runSuite(SuiteRunnerWorker.java:53)
at org.testng.SuiteRunnerWorker.run(SuiteRunnerWorker.java:96)
at org.testng.TestNG.runSuitesSequentially(TestNG.java:1180)
at org.testng.TestNG.runSuitesLocally(TestNG.java:1102)
at org.testng.TestNG.runSuites(TestNG.java:1032)
at org.testng.TestNG.run(TestNG.java:1000)
at org.testng.remote.AbstractRemoteTestNG.run(AbstractRemoteTestNG.java:115)
at org.testng.remote.RemoteTestNG.initAndRun(RemoteTestNG.java:251)
at org.testng.remote.RemoteTestNG.main(RemoteTestNG.java:77)
]]>
            </full-stacktrace>
          </exception> <!-- org.openqa.selenium.SessionNotCreatedException -->
          <reporter-output>
          </reporter-output>
        </test-method> <!-- startBrowser -->
        <test-method status="SKIP" signature="openBing()[pri:0, instance:testNG.SuiteExample@5f9d02cb]" name="openBing" duration-ms="0" started-at="2020-01-18T23:37:22 IST" finished-at="2020-01-18T23:37:22 IST">
          <exception class="org.openqa.selenium.SessionNotCreatedException">
            <message>
              <![CDATA[session not created
from chrome not reachable
  (Session info: chrome=79.0.3945.117)
Build info: version: '3.141.59', revision: 'e82be7d358', time: '2018-11-14T08:25:53'
System info: host: 'KHOPI-96', ip: '192.168.80.110', os.name: 'Windows 10', os.arch: 'amd64', os.version: '10.0', java.version: '1.8.0_121'
Driver info: driver.version: ChromeDriver
remote stacktrace: Backtrace:
Ordinal0 [0x004AA113+1548563]
Ordinal0 [0x0042DDA1+1039777]
Ordinal0 [0x003AE32E+516910]
Ordinal0 [0x003A8012+491538]
Ordinal0 [0x003A86EB+493291]
Ordinal0 [0x003A9855+497749]
Ordinal0 [0x003A5885+481413]
Ordinal0 [0x003AF0D0+520400]
Ordinal0 [0x0035C030+180272]
Ordinal0 [0x0035B59D+177565]
Ordinal0 [0x003595FB+169467]
Ordinal0 [0x0034160A+71178]
Ordinal0 [0x00342690+75408]
Ordinal0 [0x00342629+75305]
Ordinal0 [0x004471B7+1143223]
GetHandleVerifier [0x00542B46+507814]
GetHandleVerifier [0x00542864+507076]
GetHandleVerifier [0x00549F47+537511]
GetHandleVerifier [0x00543402+510050]
Ordinal0 [0x0043F29C+1110684]
Ordinal0 [0x0044938B+1151883]
Ordinal0 [0x004494F3+1152243]
Ordinal0 [0x004483F5+1147893]
BaseThreadInitThunk [0x776B6359+25]
RtlGetAppContainerNamedObjectPath [0x77BB7B74+228]
RtlGetAppContainerNamedObjectPath [0x77BB7B44+180]
]]>
            </message>
            <full-stacktrace>
              <![CDATA[org.openqa.selenium.SessionNotCreatedException: session not created
from chrome not reachable
  (Session info: chrome=79.0.3945.117)
Build info: version: '3.141.59', revision: 'e82be7d358', time: '2018-11-14T08:25:53'
System info: host: 'KHOPI-96', ip: '192.168.80.110', os.name: 'Windows 10', os.arch: 'amd64', os.version: '10.0', java.version: '1.8.0_121'
Driver info: driver.version: ChromeDriver
remote stacktrace: Backtrace:
Ordinal0 [0x004AA113+1548563]
Ordinal0 [0x0042DDA1+1039777]
Ordinal0 [0x003AE32E+516910]
Ordinal0 [0x003A8012+491538]
Ordinal0 [0x003A86EB+493291]
Ordinal0 [0x003A9855+497749]
Ordinal0 [0x003A5885+481413]
Ordinal0 [0x003AF0D0+520400]
Ordinal0 [0x0035C030+180272]
Ordinal0 [0x0035B59D+177565]
Ordinal0 [0x003595FB+169467]
Ordinal0 [0x0034160A+71178]
Ordinal0 [0x00342690+75408]
Ordinal0 [0x00342629+75305]
Ordinal0 [0x004471B7+1143223]
GetHandleVerifier [0x00542B46+507814]
GetHandleVerifier [0x00542864+507076]
GetHandleVerifier [0x00549F47+537511]
GetHandleVerifier [0x00543402+510050]
Ordinal0 [0x0043F29C+1110684]
Ordinal0 [0x0044938B+1151883]
Ordinal0 [0x004494F3+1152243]
Ordinal0 [0x004483F5+1147893]
BaseThreadInitThunk [0x776B6359+25]
RtlGetAppContainerNamedObjectPath [0x77BB7B74+228]
RtlGetAppContainerNamedObjectPath [0x77BB7B44+180]

at sun.reflect.NativeConstructorAccessorImpl.newInstance0(Native Method)
at sun.reflect.NativeConstructorAccessorImpl.newInstance(Unknown Source)
at sun.reflect.DelegatingConstructorAccessorImpl.newInstance(Unknown Source)
at java.lang.reflect.Constructor.newInstance(Unknown Source)
at org.openqa.selenium.remote.W3CHandshakeResponse.lambda$errorHandler$0(W3CHandshakeResponse.java:62)
at org.openqa.selenium.remote.HandshakeResponse.lambda$getResponseFunction$0(HandshakeResponse.java:30)
at org.openqa.selenium.remote.ProtocolHandshake.lambda$createSession$0(ProtocolHandshake.java:126)
at java.util.stream.ReferencePipeline$3$1.accept(Unknown Source)
at java.util.Spliterators$ArraySpliterator.tryAdvance(Unknown Source)
at java.util.stream.ReferencePipeline.forEachWithCancel(Unknown Source)
at java.util.stream.AbstractPipeline.copyIntoWithCancel(Unknown Source)
at java.util.stream.AbstractPipeline.copyInto(Unknown Source)
at java.util.stream.AbstractPipeline.wrapAndCopyInto(Unknown Source)
at java.util.stream.FindOps$FindOp.evaluateSequential(Unknown Source)
at java.util.stream.AbstractPipeline.evaluate(Unknown Source)
at java.util.stream.ReferencePipeline.findFirst(Unknown Source)
at org.openqa.selenium.remote.ProtocolHandshake.createSession(ProtocolHandshake.java:128)
at org.openqa.selenium.remote.ProtocolHandshake.createSession(ProtocolHandshake.java:74)
at org.openqa.selenium.remote.HttpCommandExecutor.execute(HttpCommandExecutor.java:136)
at org.openqa.selenium.remote.service.DriverCommandExecutor.execute(DriverCommandExecutor.java:83)
at org.openqa.selenium.remote.RemoteWebDriver.execute(RemoteWebDriver.java:552)
at org.openqa.selenium.remote.RemoteWebDriver.startSession(RemoteWebDriver.java:213)
at org.openqa.selenium.remote.RemoteWebDriver.<init>(RemoteWebDriver.java:131)
at org.openqa.selenium.chrome.ChromeDriver.<init>(ChromeDriver.java:181)
at org.openqa.selenium.chrome.ChromeDriver.<init>(ChromeDriver.java:168)
at org.openqa.selenium.chrome.ChromeDriver.<init>(ChromeDriver.java:123)
at testNG.SuiteExample.startBrowser(SuiteExample.java:22)
at sun.reflect.NativeMethodAccessorImpl.invoke0(Native Method)
at sun.reflect.NativeMethodAccessorImpl.invoke(Unknown Source)
at sun.reflect.DelegatingMethodAccessorImpl.invoke(Unknown Source)
at java.lang.reflect.Method.invoke(Unknown Source)
at org.testng.internal.MethodInvocationHelper.invokeMethod(MethodInvocationHelper.java:133)
at org.testng.internal.MethodInvocationHelper.invokeMethodConsideringTimeout(MethodInvocationHelper.java:62)
at org.testng.internal.ConfigInvoker.invokeConfigurationMethod(ConfigInvoker.java:340)
at org.testng.internal.ConfigInvoker.invokeConfigurations(ConfigInvoker.java:294)
at org.testng.SuiteRunner.privateRun(SuiteRunner.java:345)
at org.testng.SuiteRunner.run(SuiteRunner.java:304)
at org.testng.SuiteRunnerWorker.runSuite(SuiteRunnerWorker.java:53)
at org.testng.SuiteRunnerWorker.run(SuiteRunnerWorker.java:96)
at org.testng.TestNG.runSuitesSequentially(TestNG.java:1180)
at org.testng.TestNG.runSuitesLocally(TestNG.java:1102)
at org.testng.TestNG.runSuites(TestNG.java:1032)
at org.testng.TestNG.run(TestNG.java:1000)
at org.testng.remote.AbstractRemoteTestNG.run(AbstractRemoteTestNG.java:115)
at org.testng.remote.RemoteTestNG.initAndRun(RemoteTestNG.java:251)
at org.testng.remote.RemoteTestNG.main(RemoteTestNG.java:77)
]]>
            </full-stacktrace>
          </exception> <!-- org.openqa.selenium.SessionNotCreatedException -->
          <reporter-output>
          </reporter-output>
        </test-method> <!-- openBing -->
        <test-method status="SKIP" signature="openGoogle()[pri:0, instance:testNG.SuiteExample@5f9d02cb]" name="openGoogle" duration-ms="0" started-at="2020-01-18T23:37:22 IST" finished-at="2020-01-18T23:37:22 IST">
          <exception class="org.openqa.selenium.SessionNotCreatedException">
            <message>
              <![CDATA[session not created
from chrome not reachable
  (Session info: chrome=79.0.3945.117)
Build info: version: '3.141.59', revision: 'e82be7d358', time: '2018-11-14T08:25:53'
System info: host: 'KHOPI-96', ip: '192.168.80.110', os.name: 'Windows 10', os.arch: 'amd64', os.version: '10.0', java.version: '1.8.0_121'
Driver info: driver.version: ChromeDriver
remote stacktrace: Backtrace:
Ordinal0 [0x004AA113+1548563]
Ordinal0 [0x0042DDA1+1039777]
Ordinal0 [0x003AE32E+516910]
Ordinal0 [0x003A8012+491538]
Ordinal0 [0x003A86EB+493291]
Ordinal0 [0x003A9855+497749]
Ordinal0 [0x003A5885+481413]
Ordinal0 [0x003AF0D0+520400]
Ordinal0 [0x0035C030+180272]
Ordinal0 [0x0035B59D+177565]
Ordinal0 [0x003595FB+169467]
Ordinal0 [0x0034160A+71178]
Ordinal0 [0x00342690+75408]
Ordinal0 [0x00342629+75305]
Ordinal0 [0x004471B7+1143223]
GetHandleVerifier [0x00542B46+507814]
GetHandleVerifier [0x00542864+507076]
GetHandleVerifier [0x00549F47+537511]
GetHandleVerifier [0x00543402+510050]
Ordinal0 [0x0043F29C+1110684]
Ordinal0 [0x0044938B+1151883]
Ordinal0 [0x004494F3+1152243]
Ordinal0 [0x004483F5+1147893]
BaseThreadInitThunk [0x776B6359+25]
RtlGetAppContainerNamedObjectPath [0x77BB7B74+228]
RtlGetAppContainerNamedObjectPath [0x77BB7B44+180]
]]>
            </message>
            <full-stacktrace>
              <![CDATA[org.openqa.selenium.SessionNotCreatedException: session not created
from chrome not reachable
  (Session info: chrome=79.0.3945.117)
Build info: version: '3.141.59', revision: 'e82be7d358', time: '2018-11-14T08:25:53'
System info: host: 'KHOPI-96', ip: '192.168.80.110', os.name: 'Windows 10', os.arch: 'amd64', os.version: '10.0', java.version: '1.8.0_121'
Driver info: driver.version: ChromeDriver
remote stacktrace: Backtrace:
Ordinal0 [0x004AA113+1548563]
Ordinal0 [0x0042DDA1+1039777]
Ordinal0 [0x003AE32E+516910]
Ordinal0 [0x003A8012+491538]
Ordinal0 [0x003A86EB+493291]
Ordinal0 [0x003A9855+497749]
Ordinal0 [0x003A5885+481413]
Ordinal0 [0x003AF0D0+520400]
Ordinal0 [0x0035C030+180272]
Ordinal0 [0x0035B59D+177565]
Ordinal0 [0x003595FB+169467]
Ordinal0 [0x0034160A+71178]
Ordinal0 [0x00342690+75408]
Ordinal0 [0x00342629+75305]
Ordinal0 [0x004471B7+1143223]
GetHandleVerifier [0x00542B46+507814]
GetHandleVerifier [0x00542864+507076]
GetHandleVerifier [0x00549F47+537511]
GetHandleVerifier [0x00543402+510050]
Ordinal0 [0x0043F29C+1110684]
Ordinal0 [0x0044938B+1151883]
Ordinal0 [0x004494F3+1152243]
Ordinal0 [0x004483F5+1147893]
BaseThreadInitThunk [0x776B6359+25]
RtlGetAppContainerNamedObjectPath [0x77BB7B74+228]
RtlGetAppContainerNamedObjectPath [0x77BB7B44+180]

at sun.reflect.NativeConstructorAccessorImpl.newInstance0(Native Method)
at sun.reflect.NativeConstructorAccessorImpl.newInstance(Unknown Source)
at sun.reflect.DelegatingConstructorAccessorImpl.newInstance(Unknown Source)
at java.lang.reflect.Constructor.newInstance(Unknown Source)
at org.openqa.selenium.remote.W3CHandshakeResponse.lambda$errorHandler$0(W3CHandshakeResponse.java:62)
at org.openqa.selenium.remote.HandshakeResponse.lambda$getResponseFunction$0(HandshakeResponse.java:30)
at org.openqa.selenium.remote.ProtocolHandshake.lambda$createSession$0(ProtocolHandshake.java:126)
at java.util.stream.ReferencePipeline$3$1.accept(Unknown Source)
at java.util.Spliterators$ArraySpliterator.tryAdvance(Unknown Source)
at java.util.stream.ReferencePipeline.forEachWithCancel(Unknown Source)
at java.util.stream.AbstractPipeline.copyIntoWithCancel(Unknown Source)
at java.util.stream.AbstractPipeline.copyInto(Unknown Source)
at java.util.stream.AbstractPipeline.wrapAndCopyInto(Unknown Source)
at java.util.stream.FindOps$FindOp.evaluateSequential(Unknown Source)
at java.util.stream.AbstractPipeline.evaluate(Unknown Source)
at java.util.stream.ReferencePipeline.findFirst(Unknown Source)
at org.openqa.selenium.remote.ProtocolHandshake.createSession(ProtocolHandshake.java:128)
at org.openqa.selenium.remote.ProtocolHandshake.createSession(ProtocolHandshake.java:74)
at org.openqa.selenium.remote.HttpCommandExecutor.execute(HttpCommandExecutor.java:136)
at org.openqa.selenium.remote.service.DriverCommandExecutor.execute(DriverCommandExecutor.java:83)
at org.openqa.selenium.remote.RemoteWebDriver.execute(RemoteWebDriver.java:552)
at org.openqa.selenium.remote.RemoteWebDriver.startSession(RemoteWebDriver.java:213)
at org.openqa.selenium.remote.RemoteWebDriver.<init>(RemoteWebDriver.java:131)
at org.openqa.selenium.chrome.ChromeDriver.<init>(ChromeDriver.java:181)
at org.openqa.selenium.chrome.ChromeDriver.<init>(ChromeDriver.java:168)
at org.openqa.selenium.chrome.ChromeDriver.<init>(ChromeDriver.java:123)
at testNG.SuiteExample.startBrowser(SuiteExample.java:22)
at sun.reflect.NativeMethodAccessorImpl.invoke0(Native Method)
at sun.reflect.NativeMethodAccessorImpl.invoke(Unknown Source)
at sun.reflect.DelegatingMethodAccessorImpl.invoke(Unknown Source)
at java.lang.reflect.Method.invoke(Unknown Source)
at org.testng.internal.MethodInvocationHelper.invokeMethod(MethodInvocationHelper.java:133)
at org.testng.internal.MethodInvocationHelper.invokeMethodConsideringTimeout(MethodInvocationHelper.java:62)
at org.testng.internal.ConfigInvoker.invokeConfigurationMethod(ConfigInvoker.java:340)
at org.testng.internal.ConfigInvoker.invokeConfigurations(ConfigInvoker.java:294)
at org.testng.SuiteRunner.privateRun(SuiteRunner.java:345)
at org.testng.SuiteRunner.run(SuiteRunner.java:304)
at org.testng.SuiteRunnerWorker.runSuite(SuiteRunnerWorker.java:53)
at org.testng.SuiteRunnerWorker.run(SuiteRunnerWorker.java:96)
at org.testng.TestNG.runSuitesSequentially(TestNG.java:1180)
at org.testng.TestNG.runSuitesLocally(TestNG.java:1102)
at org.testng.TestNG.runSuites(TestNG.java:1032)
at org.testng.TestNG.run(TestNG.java:1000)
at org.testng.remote.AbstractRemoteTestNG.run(AbstractRemoteTestNG.java:115)
at org.testng.remote.RemoteTestNG.initAndRun(RemoteTestNG.java:251)
at org.testng.remote.RemoteTestNG.main(RemoteTestNG.java:77)
]]>
            </full-stacktrace>
          </exception> <!-- org.openqa.selenium.SessionNotCreatedException -->
          <reporter-output>
          </reporter-output>
        </test-method> <!-- openGoogle -->
        <test-method status="SKIP" signature="openYahoo()[pri:0, instance:testNG.SuiteExample@5f9d02cb]" name="openYahoo" duration-ms="0" started-at="2020-01-18T23:37:22 IST" finished-at="2020-01-18T23:37:22 IST">
          <exception class="org.openqa.selenium.SessionNotCreatedException">
            <message>
              <![CDATA[session not created
from chrome not reachable
  (Session info: chrome=79.0.3945.117)
Build info: version: '3.141.59', revision: 'e82be7d358', time: '2018-11-14T08:25:53'
System info: host: 'KHOPI-96', ip: '192.168.80.110', os.name: 'Windows 10', os.arch: 'amd64', os.version: '10.0', java.version: '1.8.0_121'
Driver info: driver.version: ChromeDriver
remote stacktrace: Backtrace:
Ordinal0 [0x004AA113+1548563]
Ordinal0 [0x0042DDA1+1039777]
Ordinal0 [0x003AE32E+516910]
Ordinal0 [0x003A8012+491538]
Ordinal0 [0x003A86EB+493291]
Ordinal0 [0x003A9855+497749]
Ordinal0 [0x003A5885+481413]
Ordinal0 [0x003AF0D0+520400]
Ordinal0 [0x0035C030+180272]
Ordinal0 [0x0035B59D+177565]
Ordinal0 [0x003595FB+169467]
Ordinal0 [0x0034160A+71178]
Ordinal0 [0x00342690+75408]
Ordinal0 [0x00342629+75305]
Ordinal0 [0x004471B7+1143223]
GetHandleVerifier [0x00542B46+507814]
GetHandleVerifier [0x00542864+507076]
GetHandleVerifier [0x00549F47+537511]
GetHandleVerifier [0x00543402+510050]
Ordinal0 [0x0043F29C+1110684]
Ordinal0 [0x0044938B+1151883]
Ordinal0 [0x004494F3+1152243]
Ordinal0 [0x004483F5+1147893]
BaseThreadInitThunk [0x776B6359+25]
RtlGetAppContainerNamedObjectPath [0x77BB7B74+228]
RtlGetAppContainerNamedObjectPath [0x77BB7B44+180]
]]>
            </message>
            <full-stacktrace>
              <![CDATA[org.openqa.selenium.SessionNotCreatedException: session not created
from chrome not reachable
  (Session info: chrome=79.0.3945.117)
Build info: version: '3.141.59', revision: 'e82be7d358', time: '2018-11-14T08:25:53'
System info: host: 'KHOPI-96', ip: '192.168.80.110', os.name: 'Windows 10', os.arch: 'amd64', os.version: '10.0', java.version: '1.8.0_121'
Driver info: driver.version: ChromeDriver
remote stacktrace: Backtrace:
Ordinal0 [0x004AA113+1548563]
Ordinal0 [0x0042DDA1+1039777]
Ordinal0 [0x003AE32E+516910]
Ordinal0 [0x003A8012+491538]
Ordinal0 [0x003A86EB+493291]
Ordinal0 [0x003A9855+497749]
Ordinal0 [0x003A5885+481413]
Ordinal0 [0x003AF0D0+520400]
Ordinal0 [0x0035C030+180272]
Ordinal0 [0x0035B59D+177565]
Ordinal0 [0x003595FB+169467]
Ordinal0 [0x0034160A+71178]
Ordinal0 [0x00342690+75408]
Ordinal0 [0x00342629+75305]
Ordinal0 [0x004471B7+1143223]
GetHandleVerifier [0x00542B46+507814]
GetHandleVerifier [0x00542864+507076]
GetHandleVerifier [0x00549F47+537511]
GetHandleVerifier [0x00543402+510050]
Ordinal0 [0x0043F29C+1110684]
Ordinal0 [0x0044938B+1151883]
Ordinal0 [0x004494F3+1152243]
Ordinal0 [0x004483F5+1147893]
BaseThreadInitThunk [0x776B6359+25]
RtlGetAppContainerNamedObjectPath [0x77BB7B74+228]
RtlGetAppContainerNamedObjectPath [0x77BB7B44+180]

at sun.reflect.NativeConstructorAccessorImpl.newInstance0(Native Method)
at sun.reflect.NativeConstructorAccessorImpl.newInstance(Unknown Source)
at sun.reflect.DelegatingConstructorAccessorImpl.newInstance(Unknown Source)
at java.lang.reflect.Constructor.newInstance(Unknown Source)
at org.openqa.selenium.remote.W3CHandshakeResponse.lambda$errorHandler$0(W3CHandshakeResponse.java:62)
at org.openqa.selenium.remote.HandshakeResponse.lambda$getResponseFunction$0(HandshakeResponse.java:30)
at org.openqa.selenium.remote.ProtocolHandshake.lambda$createSession$0(ProtocolHandshake.java:126)
at java.util.stream.ReferencePipeline$3$1.accept(Unknown Source)
at java.util.Spliterators$ArraySpliterator.tryAdvance(Unknown Source)
at java.util.stream.ReferencePipeline.forEachWithCancel(Unknown Source)
at java.util.stream.AbstractPipeline.copyIntoWithCancel(Unknown Source)
at java.util.stream.AbstractPipeline.copyInto(Unknown Source)
at java.util.stream.AbstractPipeline.wrapAndCopyInto(Unknown Source)
at java.util.stream.FindOps$FindOp.evaluateSequential(Unknown Source)
at java.util.stream.AbstractPipeline.evaluate(Unknown Source)
at java.util.stream.ReferencePipeline.findFirst(Unknown Source)
at org.openqa.selenium.remote.ProtocolHandshake.createSession(ProtocolHandshake.java:128)
at org.openqa.selenium.remote.ProtocolHandshake.createSession(ProtocolHandshake.java:74)
at org.openqa.selenium.remote.HttpCommandExecutor.execute(HttpCommandExecutor.java:136)
at org.openqa.selenium.remote.service.DriverCommandExecutor.execute(DriverCommandExecutor.java:83)
at org.openqa.selenium.remote.RemoteWebDriver.execute(RemoteWebDriver.java:552)
at org.openqa.selenium.remote.RemoteWebDriver.startSession(RemoteWebDriver.java:213)
at org.openqa.selenium.remote.RemoteWebDriver.<init>(RemoteWebDriver.java:131)
at org.openqa.selenium.chrome.ChromeDriver.<init>(ChromeDriver.java:181)
at org.openqa.selenium.chrome.ChromeDriver.<init>(ChromeDriver.java:168)
at org.openqa.selenium.chrome.ChromeDriver.<init>(ChromeDriver.java:123)
at testNG.SuiteExample.startBrowser(SuiteExample.java:22)
at sun.reflect.NativeMethodAccessorImpl.invoke0(Native Method)
at sun.reflect.NativeMethodAccessorImpl.invoke(Unknown Source)
at sun.reflect.DelegatingMethodAccessorImpl.invoke(Unknown Source)
at java.lang.reflect.Method.invoke(Unknown Source)
at org.testng.internal.MethodInvocationHelper.invokeMethod(MethodInvocationHelper.java:133)
at org.testng.internal.MethodInvocationHelper.invokeMethodConsideringTimeout(MethodInvocationHelper.java:62)
at org.testng.internal.ConfigInvoker.invokeConfigurationMethod(ConfigInvoker.java:340)
at org.testng.internal.ConfigInvoker.invokeConfigurations(ConfigInvoker.java:294)
at org.testng.SuiteRunner.privateRun(SuiteRunner.java:345)
at org.testng.SuiteRunner.run(SuiteRunner.java:304)
at org.testng.SuiteRunnerWorker.runSuite(SuiteRunnerWorker.java:53)
at org.testng.SuiteRunnerWorker.run(SuiteRunnerWorker.java:96)
at org.testng.TestNG.runSuitesSequentially(TestNG.java:1180)
at org.testng.TestNG.runSuitesLocally(TestNG.java:1102)
at org.testng.TestNG.runSuites(TestNG.java:1032)
at org.testng.TestNG.run(TestNG.java:1000)
at org.testng.remote.AbstractRemoteTestNG.run(AbstractRemoteTestNG.java:115)
at org.testng.remote.RemoteTestNG.initAndRun(RemoteTestNG.java:251)
at org.testng.remote.RemoteTestNG.main(RemoteTestNG.java:77)
]]>
            </full-stacktrace>
          </exception> <!-- org.openqa.selenium.SessionNotCreatedException -->
          <reporter-output>
          </reporter-output>
        </test-method> <!-- openYahoo -->
        <test-method status="SKIP" signature="closeBrowser()[pri:0, instance:testNG.SuiteExample@5f9d02cb]" name="closeBrowser" is-config="true" duration-ms="-1579370842225" started-at="2020-01-18T23:37:22 IST" finished-at="1970-01-01T05:30:00 IST">
          <reporter-output>
          </reporter-output>
        </test-method> <!-- closeBrowser -->
      </class> <!-- testNG.SuiteExample -->
    </test> <!-- Default test -->
  </suite> <!-- Default suite -->
</testng-results>
